<?xml version="1.0" encoding="UTF-8"?>
<!-- Generated by org.testng.reporters.JUnitReportReporter -->
<testsuite hostname="Mostafa-PC" name="GroupControllerTest" tests="1" failures="0" timestamp="9 May 2015 17:27:32 GMT" time="2.326" errors="0">
  <testcase name="createGroup" time="2.326" classname="GroupControllerTest"/>
</testsuite> <!-- GroupControllerTest -->
