<?xml version="1.0" encoding="UTF-8"?>
<!-- Generated by org.testng.reporters.JUnitReportReporter -->
<testsuite hostname="Mostafa-PC" name="MessageControllerTest" tests="6" failures="0" timestamp="9 May 2015 16:55:51 GMT" time="0.255" errors="0">
  <testcase name="testCreateConversation" time="0.045" classname="MessageControllerTest"/>
  <testcase name="conversationExist" time="0.048" classname="MessageControllerTest"/>
  <testcase name="testGetUserConversationIndividuals" time="0.057" classname="MessageControllerTest"/>
  <testcase name="testInsertConversationGroup" time="0.008" classname="MessageControllerTest"/>
  <testcase name="getConversation" time="0.053" classname="MessageControllerTest"/>
  <testcase name="createConversaionGroup" time="0.044" classname="MessageControllerTest"/>
</testsuite> <!-- MessageControllerTest -->
